[36m[2022-10-12 10:48:58 DEBUG] [cli:112][39m ###############################################################################
[36m[2022-10-12 10:48:58 DEBUG] [cli:113][39m Running command 'run'
[36m[2022-10-12 10:48:58 DEBUG] [cli:117][39m Using settings file 'C:\Users\senur\.chaostoolkit\settings.yaml'
[36m[2022-10-12 10:49:01 DEBUG] [settings:30][39m The Chaos Toolkit settings file could not be found at 'C:\Users\senur\.chaostoolkit\settings.yaml'.
[36m[2022-10-12 10:49:01 DEBUG] [__init__:399][39m No controls to apply on 'loader'
[36m[2022-10-12 10:49:01 DEBUG] [__init__:399][39m No controls to apply on 'loader'
[36m[2022-10-12 10:49:01 DEBUG] [caching:24][39m Building activity cache...
[36m[2022-10-12 10:49:01 DEBUG] [caching:35][39m Cached 2 activities
[32m[2022-10-12 10:49:01 INFO] [experiment:58][39m Validating the experiment's syntax
[36m[2022-10-12 10:49:01 DEBUG] [configuration:63][39m Loading configuration...
[36m[2022-10-12 10:49:01 DEBUG] [secret:78][39m Loading secrets...
[36m[2022-10-12 10:49:01 DEBUG] [secret:104][39m Done loading secrets
[32m[2022-10-12 10:49:03 INFO] [experiment:109][39m Experiment looks valid
[36m[2022-10-12 10:49:03 DEBUG] [caching:42][39m Clearing activities cache
[36m[2022-10-12 10:49:03 DEBUG] [caching:24][39m Building activity cache...
[36m[2022-10-12 10:49:03 DEBUG] [caching:35][39m Cached 2 activities
[36m[2022-10-12 10:49:03 DEBUG] [configuration:63][39m Loading configuration...
[36m[2022-10-12 10:49:03 DEBUG] [secret:78][39m Loading secrets...
[36m[2022-10-12 10:49:03 DEBUG] [secret:104][39m Done loading secrets
[36m[2022-10-12 10:49:03 DEBUG] [configuration:160][39m Loading dynamic configuration...
[36m[2022-10-12 10:49:03 DEBUG] [exit:90][39m System 'Windows-10-10.0.22000-SP0' does not expose SIGUSR signals
[32m[2022-10-12 10:49:03 INFO] [run:320][39m Running experiment: Lets kill pods randomly
[36m[2022-10-12 10:49:03 DEBUG] [__init__:52][39m Initializing controls
[32m[2022-10-12 10:49:03 INFO] [run:344][39m Steady-state strategy: default
[32m[2022-10-12 10:49:03 INFO] [run:348][39m Rollbacks strategy: default
[36m[2022-10-12 10:49:03 DEBUG] [__init__:399][39m No controls to apply on 'experiment'
[36m[2022-10-12 10:49:03 DEBUG] [run:506][39m Running steady-state hypothesis before the method
[32m[2022-10-12 10:49:03 INFO] [hypothesis:182][39m Steady state hypothesis: The app is healthy
[36m[2022-10-12 10:49:03 DEBUG] [__init__:399][39m No controls to apply on 'hypothesis'
[36m[2022-10-12 10:49:03 DEBUG] [__init__:399][39m No controls to apply on 'activity'
[32m[2022-10-12 10:49:03 INFO] [activity:204][39m Probe: all-apps-are-healthy
[36m[2022-10-12 10:49:03 DEBUG] [python:33][39m Activity 'all-apps-are-healthy' loaded from 'C:\Users\senur\AppData\Local\Programs\Python\Python310\lib\site-packages\chaosk8s\probes.py'
[33m[2022-10-12 10:49:03 WARNING] [__init__:165][39m all_microservices_healthy function is DEPRECATED and will be removed in the next         releases, please use all_pods_healthy instead
[36m[2022-10-12 10:49:03 DEBUG] [__init__:73][39m Using Kubernetes context 'default' from config 'C:\Users\senur/.kube/config'
[36m[2022-10-12 10:49:11 DEBUG] [probes:296][39m Found 0 failed and 0 not ready pods
[36m[2022-10-12 10:49:11 DEBUG] [activity:221][39m   => succeeded with 'True'
[36m[2022-10-12 10:49:11 DEBUG] [__init__:399][39m No controls to apply on 'activity'
[36m[2022-10-12 10:49:11 DEBUG] [hypothesis:221][39m allowed tolerance is True
[32m[2022-10-12 10:49:11 INFO] [hypothesis:231][39m Steady state hypothesis is met!
[36m[2022-10-12 10:49:11 DEBUG] [__init__:399][39m No controls to apply on 'hypothesis'
[32m[2022-10-12 10:49:11 INFO] [run:607][39m Playing your experiment's method now...
[36m[2022-10-12 10:49:11 DEBUG] [__init__:399][39m No controls to apply on 'method'
[36m[2022-10-12 10:49:11 DEBUG] [__init__:399][39m No controls to apply on 'activity'
[32m[2022-10-12 10:49:11 INFO] [activity:204][39m Action: terminate-pod
[36m[2022-10-12 10:49:11 DEBUG] [python:33][39m Activity 'terminate-pod' loaded from 'C:\Users\senur\AppData\Local\Programs\Python\Python310\lib\site-packages\chaosk8s\pod\actions.py'
[36m[2022-10-12 10:49:11 DEBUG] [__init__:73][39m Using Kubernetes context 'default' from config 'C:\Users\senur/.kube/config'
