[2022-10-12 07:41:36 DEBUG] [cli:112] ###############################################################################
[2022-10-12 07:41:36 DEBUG] [cli:113] Running command 'run'
[2022-10-12 07:41:36 DEBUG] [cli:117] Using settings file '/home/kubemateadmin/.chaostoolkit/settings.yaml'
[2022-10-12 07:41:36 DEBUG] [settings:30] The Chaos Toolkit settings file could not be found at '/home/kubemateadmin/.chaostoolkit/settings.yaml'.
[2022-10-12 07:41:36 DEBUG] [__init__:399] No controls to apply on 'loader'
[2022-10-12 07:41:36 DEBUG] [__init__:399] No controls to apply on 'loader'
[2022-10-12 07:41:36 ERROR] [cli:250] Path "output.yaml" does not exist.
[2022-10-12 07:41:36 DEBUG] [cli:251] Path "output.yaml" does not exist.
[2022-10-12 07:42:01 DEBUG] [cli:112] ###############################################################################
[2022-10-12 07:42:01 DEBUG] [cli:113] Running command 'run'
[2022-10-12 07:42:01 DEBUG] [cli:117] Using settings file '/home/kubemateadmin/.chaostoolkit/settings.yaml'
[2022-10-12 07:42:01 DEBUG] [settings:30] The Chaos Toolkit settings file could not be found at '/home/kubemateadmin/.chaostoolkit/settings.yaml'.
[2022-10-12 07:42:01 DEBUG] [__init__:399] No controls to apply on 'loader'
[2022-10-12 07:42:01 DEBUG] [__init__:399] No controls to apply on 'loader'
[2022-10-12 07:42:01 ERROR] [cli:250] Path "output.yaml" does not exist.
[2022-10-12 07:42:01 DEBUG] [cli:251] Path "output.yaml" does not exist.
[2022-10-12 07:42:44 DEBUG] [cli:112] ###############################################################################
[2022-10-12 07:42:44 DEBUG] [cli:113] Running command 'run'
[2022-10-12 07:42:44 DEBUG] [cli:117] Using settings file '/home/kubemateadmin/.chaostoolkit/settings.yaml'
[2022-10-12 07:42:44 DEBUG] [settings:30] The Chaos Toolkit settings file could not be found at '/home/kubemateadmin/.chaostoolkit/settings.yaml'.
[2022-10-12 07:42:44 DEBUG] [__init__:399] No controls to apply on 'loader'
[2022-10-12 07:42:44 DEBUG] [__init__:399] No controls to apply on 'loader'
[2022-10-12 07:42:44 DEBUG] [caching:24] Building activity cache...
[2022-10-12 07:42:44 DEBUG] [caching:35] Cached 2 activities
[2022-10-12 07:42:44 INFO] [experiment:58] Validating the experiment's syntax
[2022-10-12 07:42:44 DEBUG] [configuration:63] Loading configuration...
[2022-10-12 07:42:44 DEBUG] [secret:78] Loading secrets...
[2022-10-12 07:42:44 DEBUG] [secret:104] Done loading secrets
[2022-10-12 07:42:45 INFO] [experiment:109] Experiment looks valid
[2022-10-12 07:42:45 DEBUG] [caching:42] Clearing activities cache
[2022-10-12 07:42:45 DEBUG] [caching:24] Building activity cache...
[2022-10-12 07:42:45 DEBUG] [caching:35] Cached 2 activities
[2022-10-12 07:42:45 DEBUG] [configuration:63] Loading configuration...
[2022-10-12 07:42:45 DEBUG] [secret:78] Loading secrets...
[2022-10-12 07:42:45 DEBUG] [secret:104] Done loading secrets
[2022-10-12 07:42:45 DEBUG] [configuration:160] Loading dynamic configuration...
[2022-10-12 07:42:45 INFO] [run:320] Running experiment: Lets kill pods randomly
[2022-10-12 07:42:45 DEBUG] [__init__:52] Initializing controls
[2022-10-12 07:42:45 INFO] [run:344] Steady-state strategy: default
[2022-10-12 07:42:45 INFO] [run:348] Rollbacks strategy: default
[2022-10-12 07:42:45 DEBUG] [__init__:399] No controls to apply on 'experiment'
[2022-10-12 07:42:45 DEBUG] [run:506] Running steady-state hypothesis before the method
[2022-10-12 07:42:45 INFO] [hypothesis:182] Steady state hypothesis: The app is healthy
[2022-10-12 07:42:45 DEBUG] [__init__:399] No controls to apply on 'hypothesis'
[2022-10-12 07:42:45 DEBUG] [__init__:399] No controls to apply on 'activity'
[2022-10-12 07:42:45 INFO] [activity:204] Probe: all-apps-are-healthy
[2022-10-12 07:42:45 DEBUG] [python:33] Activity 'all-apps-are-healthy' loaded from '/home/kubemateadmin/.local/lib/python3.8/site-packages/chaosk8s/probes.py'
[2022-10-12 07:42:45 WARNING] [__init__:165] all_microservices_healthy function is DEPRECATED and will be removed in the next         releases, please use all_pods_healthy instead
[2022-10-12 07:42:45 DEBUG] [__init__:73] Using Kubernetes context 'default' from config '/home/kubemateadmin/.kube/config'
[2022-10-12 07:42:45 DEBUG] [probes:296] Found 0 failed and 0 not ready pods
[2022-10-12 07:42:45 DEBUG] [activity:221]   => succeeded with 'True'
[2022-10-12 07:42:45 DEBUG] [__init__:399] No controls to apply on 'activity'
[2022-10-12 07:42:45 DEBUG] [hypothesis:221] allowed tolerance is True
[2022-10-12 07:42:45 INFO] [hypothesis:231] Steady state hypothesis is met!
[2022-10-12 07:42:45 DEBUG] [__init__:399] No controls to apply on 'hypothesis'
[2022-10-12 07:42:45 INFO] [run:607] Playing your experiment's method now...
[2022-10-12 07:42:45 DEBUG] [__init__:399] No controls to apply on 'method'
[2022-10-12 07:42:45 DEBUG] [__init__:399] No controls to apply on 'activity'
[2022-10-12 07:42:45 INFO] [activity:204] Action: terminate-pod
[2022-10-12 07:42:45 DEBUG] [python:33] Activity 'terminate-pod' loaded from '/home/kubemateadmin/.local/lib/python3.8/site-packages/chaosk8s/pod/actions.py'
[2022-10-12 07:42:45 DEBUG] [__init__:73] Using Kubernetes context 'default' from config '/home/kubemateadmin/.kube/config'
[2022-10-12 07:42:45 DEBUG] [actions:238] Found 12 pods in ns 'default'
[2022-10-12 07:42:45 DEBUG] [activity:221]   => succeeded with '['shippingservice-55bd6c45bb-b5cbf']'
[2022-10-12 07:42:45 INFO] [activity:239] Pausing after activity for 10s...
[2022-10-12 07:42:55 DEBUG] [__init__:399] No controls to apply on 'activity'
[2022-10-12 07:42:55 DEBUG] [__init__:399] No controls to apply on 'method'
[2022-10-12 07:42:55 DEBUG] [run:536] Running steady-state hypothesis after the method
[2022-10-12 07:42:55 INFO] [hypothesis:182] Steady state hypothesis: The app is healthy
[2022-10-12 07:42:55 DEBUG] [__init__:399] No controls to apply on 'hypothesis'
[2022-10-12 07:42:55 DEBUG] [__init__:399] No controls to apply on 'activity'
[2022-10-12 07:42:55 INFO] [activity:204] Probe: all-apps-are-healthy
[2022-10-12 07:42:55 DEBUG] [python:33] Activity 'all-apps-are-healthy' loaded from '/home/kubemateadmin/.local/lib/python3.8/site-packages/chaosk8s/probes.py'
[2022-10-12 07:42:55 WARNING] [__init__:165] all_microservices_healthy function is DEPRECATED and will be removed in the next         releases, please use all_pods_healthy instead
[2022-10-12 07:42:55 DEBUG] [__init__:73] Using Kubernetes context 'default' from config '/home/kubemateadmin/.kube/config'
[2022-10-12 07:42:55 DEBUG] [probes:296] Found 0 failed and 0 not ready pods
[2022-10-12 07:42:55 DEBUG] [activity:221]   => succeeded with 'True'
[2022-10-12 07:42:55 DEBUG] [__init__:399] No controls to apply on 'activity'
[2022-10-12 07:42:55 DEBUG] [hypothesis:221] allowed tolerance is True
[2022-10-12 07:42:55 INFO] [hypothesis:231] Steady state hypothesis is met!
[2022-10-12 07:42:55 DEBUG] [__init__:399] No controls to apply on 'hypothesis'
[2022-10-12 07:42:55 INFO] [run:893] Let's rollback...
[2022-10-12 07:42:55 DEBUG] [__init__:399] No controls to apply on 'rollback'
[2022-10-12 07:42:55 INFO] [rollback:27] No declared rollbacks, let's move on.
[2022-10-12 07:42:55 DEBUG] [__init__:399] No controls to apply on 'rollback'
[2022-10-12 07:42:55 INFO] [run:458] Experiment ended with status: completed
[2022-10-12 07:42:55 DEBUG] [__init__:399] No controls to apply on 'experiment'
[2022-10-12 07:42:55 DEBUG] [__init__:91] Cleaning up controls
[2022-10-12 07:42:55 DEBUG] [caching:42] Clearing activities cache
[2022-10-12 07:42:56 DEBUG] [cli:112] ###############################################################################
[2022-10-12 07:42:56 DEBUG] [cli:113] Running command 'report'
[2022-10-12 07:42:56 DEBUG] [cli:117] Using settings file '/home/kubemateadmin/.chaostoolkit/settings.yaml'
[2022-10-12 07:42:57 DEBUG] [caching:24] Building activity cache...
[2022-10-12 07:42:57 DEBUG] [caching:35] Cached 2 activities
[2022-10-12 07:48:21 DEBUG] [cli:112] ###############################################################################
[2022-10-12 07:48:21 DEBUG] [cli:113] Running command 'run'
[2022-10-12 07:48:21 DEBUG] [cli:117] Using settings file '/home/kubemateadmin/.chaostoolkit/settings.yaml'
[2022-10-12 07:48:21 DEBUG] [settings:30] The Chaos Toolkit settings file could not be found at '/home/kubemateadmin/.chaostoolkit/settings.yaml'.
[2022-10-12 07:48:21 DEBUG] [__init__:399] No controls to apply on 'loader'
[2022-10-12 07:48:21 DEBUG] [__init__:399] No controls to apply on 'loader'
[2022-10-12 07:48:21 DEBUG] [caching:24] Building activity cache...
[2022-10-12 07:48:21 DEBUG] [caching:35] Cached 2 activities
[2022-10-12 07:48:21 INFO] [experiment:58] Validating the experiment's syntax
[2022-10-12 07:48:21 DEBUG] [configuration:63] Loading configuration...
[2022-10-12 07:48:21 DEBUG] [secret:78] Loading secrets...
[2022-10-12 07:48:21 DEBUG] [secret:104] Done loading secrets
[2022-10-12 07:48:22 INFO] [experiment:109] Experiment looks valid
[2022-10-12 07:48:22 DEBUG] [caching:42] Clearing activities cache
[2022-10-12 07:48:22 DEBUG] [caching:24] Building activity cache...
[2022-10-12 07:48:22 DEBUG] [caching:35] Cached 2 activities
[2022-10-12 07:48:22 DEBUG] [configuration:63] Loading configuration...
[2022-10-12 07:48:22 DEBUG] [secret:78] Loading secrets...
[2022-10-12 07:48:22 DEBUG] [secret:104] Done loading secrets
[2022-10-12 07:48:22 DEBUG] [configuration:160] Loading dynamic configuration...
[2022-10-12 07:48:22 INFO] [run:320] Running experiment: Lets kill pods randomly
[2022-10-12 07:48:22 DEBUG] [__init__:52] Initializing controls
[2022-10-12 07:48:22 INFO] [run:344] Steady-state strategy: default
[2022-10-12 07:48:22 INFO] [run:348] Rollbacks strategy: default
[2022-10-12 07:48:22 DEBUG] [__init__:399] No controls to apply on 'experiment'
[2022-10-12 07:48:22 DEBUG] [run:506] Running steady-state hypothesis before the method
[2022-10-12 07:48:22 INFO] [hypothesis:182] Steady state hypothesis: The app is healthy
[2022-10-12 07:48:22 DEBUG] [__init__:399] No controls to apply on 'hypothesis'
[2022-10-12 07:48:22 DEBUG] [__init__:399] No controls to apply on 'activity'
[2022-10-12 07:48:22 INFO] [activity:204] Probe: all-apps-are-healthy
[2022-10-12 07:48:22 DEBUG] [python:33] Activity 'all-apps-are-healthy' loaded from '/home/kubemateadmin/.local/lib/python3.8/site-packages/chaosk8s/probes.py'
[2022-10-12 07:48:22 WARNING] [__init__:165] all_microservices_healthy function is DEPRECATED and will be removed in the next         releases, please use all_pods_healthy instead
[2022-10-12 07:48:22 DEBUG] [__init__:73] Using Kubernetes context 'default' from config '/home/kubemateadmin/.kube/config'
[2022-10-12 07:48:22 DEBUG] [probes:296] Found 0 failed and 0 not ready pods
[2022-10-12 07:48:22 DEBUG] [activity:221]   => succeeded with 'True'
[2022-10-12 07:48:22 DEBUG] [__init__:399] No controls to apply on 'activity'
[2022-10-12 07:48:22 DEBUG] [hypothesis:221] allowed tolerance is True
[2022-10-12 07:48:22 INFO] [hypothesis:231] Steady state hypothesis is met!
[2022-10-12 07:48:22 DEBUG] [__init__:399] No controls to apply on 'hypothesis'
[2022-10-12 07:48:22 INFO] [run:607] Playing your experiment's method now...
[2022-10-12 07:48:22 DEBUG] [__init__:399] No controls to apply on 'method'
[2022-10-12 07:48:22 DEBUG] [__init__:399] No controls to apply on 'activity'
[2022-10-12 07:48:22 INFO] [activity:204] Action: terminate-pod
[2022-10-12 07:48:22 DEBUG] [python:33] Activity 'terminate-pod' loaded from '/home/kubemateadmin/.local/lib/python3.8/site-packages/chaosk8s/pod/actions.py'
[2022-10-12 07:48:22 DEBUG] [__init__:73] Using Kubernetes context 'default' from config '/home/kubemateadmin/.kube/config'
[2022-10-12 07:48:22 DEBUG] [actions:238] Found 12 pods in ns 'default'
[2022-10-12 07:48:22 DEBUG] [activity:221]   => succeeded with '['productcatalogservice-67f5c88476-fqc5g']'
[2022-10-12 07:48:22 INFO] [activity:239] Pausing after activity for 10s...
[2022-10-12 07:48:32 DEBUG] [__init__:399] No controls to apply on 'activity'
[2022-10-12 07:48:32 DEBUG] [__init__:399] No controls to apply on 'method'
[2022-10-12 07:48:32 DEBUG] [run:536] Running steady-state hypothesis after the method
[2022-10-12 07:48:32 INFO] [hypothesis:182] Steady state hypothesis: The app is healthy
[2022-10-12 07:48:32 DEBUG] [__init__:399] No controls to apply on 'hypothesis'
[2022-10-12 07:48:32 DEBUG] [__init__:399] No controls to apply on 'activity'
[2022-10-12 07:48:32 INFO] [activity:204] Probe: all-apps-are-healthy
[2022-10-12 07:48:32 DEBUG] [python:33] Activity 'all-apps-are-healthy' loaded from '/home/kubemateadmin/.local/lib/python3.8/site-packages/chaosk8s/probes.py'
[2022-10-12 07:48:32 WARNING] [__init__:165] all_microservices_healthy function is DEPRECATED and will be removed in the next         releases, please use all_pods_healthy instead
[2022-10-12 07:48:32 DEBUG] [__init__:73] Using Kubernetes context 'default' from config '/home/kubemateadmin/.kube/config'
[2022-10-12 07:48:32 DEBUG] [probes:296] Found 0 failed and 0 not ready pods
[2022-10-12 07:48:32 DEBUG] [activity:221]   => succeeded with 'True'
[2022-10-12 07:48:32 DEBUG] [__init__:399] No controls to apply on 'activity'
[2022-10-12 07:48:32 DEBUG] [hypothesis:221] allowed tolerance is True
[2022-10-12 07:48:32 INFO] [hypothesis:231] Steady state hypothesis is met!
[2022-10-12 07:48:32 DEBUG] [__init__:399] No controls to apply on 'hypothesis'
[2022-10-12 07:48:32 INFO] [run:893] Let's rollback...
[2022-10-12 07:48:32 DEBUG] [__init__:399] No controls to apply on 'rollback'
[2022-10-12 07:48:32 INFO] [rollback:27] No declared rollbacks, let's move on.
[2022-10-12 07:48:32 DEBUG] [__init__:399] No controls to apply on 'rollback'
[2022-10-12 07:48:32 INFO] [run:458] Experiment ended with status: completed
[2022-10-12 07:48:32 DEBUG] [__init__:399] No controls to apply on 'experiment'
[2022-10-12 07:48:32 DEBUG] [__init__:91] Cleaning up controls
[2022-10-12 07:48:32 DEBUG] [caching:42] Clearing activities cache
[2022-10-12 07:48:33 DEBUG] [cli:112] ###############################################################################
[2022-10-12 07:48:33 DEBUG] [cli:113] Running command 'report'
[2022-10-12 07:48:33 DEBUG] [cli:117] Using settings file '/home/kubemateadmin/.chaostoolkit/settings.yaml'
[2022-10-12 07:48:34 DEBUG] [caching:24] Building activity cache...
[2022-10-12 07:48:34 DEBUG] [caching:35] Cached 2 activities
[2022-10-12 07:49:32 DEBUG] [cli:112] ###############################################################################
[2022-10-12 07:49:32 DEBUG] [cli:113] Running command 'run'
[2022-10-12 07:49:32 DEBUG] [cli:117] Using settings file '/home/kubemateadmin/.chaostoolkit/settings.yaml'
[2022-10-12 07:49:32 DEBUG] [settings:30] The Chaos Toolkit settings file could not be found at '/home/kubemateadmin/.chaostoolkit/settings.yaml'.
[2022-10-12 07:49:32 DEBUG] [__init__:399] No controls to apply on 'loader'
[2022-10-12 07:49:32 DEBUG] [__init__:399] No controls to apply on 'loader'
[2022-10-12 07:49:32 DEBUG] [caching:24] Building activity cache...
[2022-10-12 07:49:32 DEBUG] [caching:35] Cached 2 activities
[2022-10-12 07:49:32 INFO] [experiment:58] Validating the experiment's syntax
[2022-10-12 07:49:32 DEBUG] [configuration:63] Loading configuration...
[2022-10-12 07:49:32 DEBUG] [secret:78] Loading secrets...
[2022-10-12 07:49:32 DEBUG] [secret:104] Done loading secrets
[2022-10-12 07:49:33 INFO] [experiment:109] Experiment looks valid
[2022-10-12 07:49:33 DEBUG] [caching:42] Clearing activities cache
[2022-10-12 07:49:33 DEBUG] [caching:24] Building activity cache...
[2022-10-12 07:49:33 DEBUG] [caching:35] Cached 2 activities
[2022-10-12 07:49:33 DEBUG] [configuration:63] Loading configuration...
[2022-10-12 07:49:33 DEBUG] [secret:78] Loading secrets...
[2022-10-12 07:49:33 DEBUG] [secret:104] Done loading secrets
[2022-10-12 07:49:33 DEBUG] [configuration:160] Loading dynamic configuration...
[2022-10-12 07:49:33 INFO] [run:320] Running experiment: Lets kill pods randomly
[2022-10-12 07:49:33 DEBUG] [__init__:52] Initializing controls
[2022-10-12 07:49:33 INFO] [run:344] Steady-state strategy: default
[2022-10-12 07:49:33 INFO] [run:348] Rollbacks strategy: default
[2022-10-12 07:49:33 DEBUG] [__init__:399] No controls to apply on 'experiment'
[2022-10-12 07:49:33 DEBUG] [run:506] Running steady-state hypothesis before the method
[2022-10-12 07:49:33 INFO] [hypothesis:182] Steady state hypothesis: The app is healthy
[2022-10-12 07:49:33 DEBUG] [__init__:399] No controls to apply on 'hypothesis'
[2022-10-12 07:49:33 DEBUG] [__init__:399] No controls to apply on 'activity'
[2022-10-12 07:49:33 INFO] [activity:204] Probe: all-apps-are-healthy
[2022-10-12 07:49:33 DEBUG] [python:33] Activity 'all-apps-are-healthy' loaded from '/home/kubemateadmin/.local/lib/python3.8/site-packages/chaosk8s/probes.py'
[2022-10-12 07:49:33 WARNING] [__init__:165] all_microservices_healthy function is DEPRECATED and will be removed in the next         releases, please use all_pods_healthy instead
[2022-10-12 07:49:33 DEBUG] [__init__:73] Using Kubernetes context 'default' from config '/home/kubemateadmin/.kube/config'
[2022-10-12 07:49:33 DEBUG] [probes:296] Found 0 failed and 0 not ready pods
[2022-10-12 07:49:33 DEBUG] [activity:221]   => succeeded with 'True'
[2022-10-12 07:49:33 DEBUG] [__init__:399] No controls to apply on 'activity'
[2022-10-12 07:49:33 DEBUG] [hypothesis:221] allowed tolerance is True
[2022-10-12 07:49:33 INFO] [hypothesis:231] Steady state hypothesis is met!
[2022-10-12 07:49:33 DEBUG] [__init__:399] No controls to apply on 'hypothesis'
[2022-10-12 07:49:33 INFO] [run:607] Playing your experiment's method now...
[2022-10-12 07:49:33 DEBUG] [__init__:399] No controls to apply on 'method'
[2022-10-12 07:49:33 DEBUG] [__init__:399] No controls to apply on 'activity'
[2022-10-12 07:49:33 INFO] [activity:204] Action: terminate-pod
[2022-10-12 07:49:33 DEBUG] [python:33] Activity 'terminate-pod' loaded from '/home/kubemateadmin/.local/lib/python3.8/site-packages/chaosk8s/pod/actions.py'
[2022-10-12 07:49:33 DEBUG] [__init__:73] Using Kubernetes context 'default' from config '/home/kubemateadmin/.kube/config'
[2022-10-12 07:49:33 DEBUG] [actions:238] Found 12 pods in ns 'default'
[2022-10-12 07:49:33 DEBUG] [activity:221]   => succeeded with '['checkoutservice-5d45565464-c25s7']'
[2022-10-12 07:49:33 INFO] [activity:239] Pausing after activity for 10s...
[2022-10-12 07:49:43 DEBUG] [__init__:399] No controls to apply on 'activity'
[2022-10-12 07:49:43 DEBUG] [__init__:399] No controls to apply on 'method'
[2022-10-12 07:49:43 DEBUG] [run:536] Running steady-state hypothesis after the method
[2022-10-12 07:49:43 INFO] [hypothesis:182] Steady state hypothesis: The app is healthy
[2022-10-12 07:49:43 DEBUG] [__init__:399] No controls to apply on 'hypothesis'
[2022-10-12 07:49:43 DEBUG] [__init__:399] No controls to apply on 'activity'
[2022-10-12 07:49:43 INFO] [activity:204] Probe: all-apps-are-healthy
[2022-10-12 07:49:43 DEBUG] [python:33] Activity 'all-apps-are-healthy' loaded from '/home/kubemateadmin/.local/lib/python3.8/site-packages/chaosk8s/probes.py'
[2022-10-12 07:49:43 WARNING] [__init__:165] all_microservices_healthy function is DEPRECATED and will be removed in the next         releases, please use all_pods_healthy instead
[2022-10-12 07:49:43 DEBUG] [__init__:73] Using Kubernetes context 'default' from config '/home/kubemateadmin/.kube/config'
[2022-10-12 07:49:43 DEBUG] [probes:296] Found 0 failed and 0 not ready pods
[2022-10-12 07:49:43 DEBUG] [activity:221]   => succeeded with 'True'
[2022-10-12 07:49:43 DEBUG] [__init__:399] No controls to apply on 'activity'
[2022-10-12 07:49:43 DEBUG] [hypothesis:221] allowed tolerance is True
[2022-10-12 07:49:43 INFO] [hypothesis:231] Steady state hypothesis is met!
[2022-10-12 07:49:43 DEBUG] [__init__:399] No controls to apply on 'hypothesis'
[2022-10-12 07:49:43 INFO] [run:893] Let's rollback...
[2022-10-12 07:49:43 DEBUG] [__init__:399] No controls to apply on 'rollback'
[2022-10-12 07:49:43 INFO] [rollback:27] No declared rollbacks, let's move on.
[2022-10-12 07:49:43 DEBUG] [__init__:399] No controls to apply on 'rollback'
[2022-10-12 07:49:43 INFO] [run:458] Experiment ended with status: completed
[2022-10-12 07:49:43 DEBUG] [__init__:399] No controls to apply on 'experiment'
[2022-10-12 07:49:43 DEBUG] [__init__:91] Cleaning up controls
[2022-10-12 07:49:43 DEBUG] [caching:42] Clearing activities cache
[2022-10-12 07:49:51 DEBUG] [cli:112] ###############################################################################
[2022-10-12 07:49:51 DEBUG] [cli:113] Running command 'run'
[2022-10-12 07:49:51 DEBUG] [cli:117] Using settings file '/home/kubemateadmin/.chaostoolkit/settings.yaml'
[2022-10-12 07:49:51 DEBUG] [settings:30] The Chaos Toolkit settings file could not be found at '/home/kubemateadmin/.chaostoolkit/settings.yaml'.
[2022-10-12 07:49:51 DEBUG] [__init__:399] No controls to apply on 'loader'
[2022-10-12 07:49:51 DEBUG] [__init__:399] No controls to apply on 'loader'
[2022-10-12 07:49:51 DEBUG] [caching:24] Building activity cache...
[2022-10-12 07:49:51 DEBUG] [caching:35] Cached 2 activities
[2022-10-12 07:49:51 INFO] [experiment:58] Validating the experiment's syntax
[2022-10-12 07:49:51 DEBUG] [configuration:63] Loading configuration...
[2022-10-12 07:49:51 DEBUG] [secret:78] Loading secrets...
[2022-10-12 07:49:51 DEBUG] [secret:104] Done loading secrets
[2022-10-12 07:49:51 INFO] [experiment:109] Experiment looks valid
[2022-10-12 07:49:51 DEBUG] [caching:42] Clearing activities cache
[2022-10-12 07:49:51 DEBUG] [caching:24] Building activity cache...
[2022-10-12 07:49:51 DEBUG] [caching:35] Cached 2 activities
[2022-10-12 07:49:51 DEBUG] [configuration:63] Loading configuration...
[2022-10-12 07:49:51 DEBUG] [secret:78] Loading secrets...
[2022-10-12 07:49:51 DEBUG] [secret:104] Done loading secrets
[2022-10-12 07:49:51 DEBUG] [configuration:160] Loading dynamic configuration...
[2022-10-12 07:49:51 INFO] [run:320] Running experiment: Lets kill pods randomly
[2022-10-12 07:49:51 DEBUG] [__init__:52] Initializing controls
[2022-10-12 07:49:51 INFO] [run:344] Steady-state strategy: default
[2022-10-12 07:49:51 INFO] [run:348] Rollbacks strategy: default
[2022-10-12 07:49:51 DEBUG] [__init__:399] No controls to apply on 'experiment'
[2022-10-12 07:49:51 DEBUG] [run:506] Running steady-state hypothesis before the method
[2022-10-12 07:49:51 INFO] [hypothesis:182] Steady state hypothesis: The app is healthy
[2022-10-12 07:49:51 DEBUG] [__init__:399] No controls to apply on 'hypothesis'
[2022-10-12 07:49:51 DEBUG] [__init__:399] No controls to apply on 'activity'
[2022-10-12 07:49:51 INFO] [activity:204] Probe: all-apps-are-healthy
[2022-10-12 07:49:51 DEBUG] [python:33] Activity 'all-apps-are-healthy' loaded from '/home/kubemateadmin/.local/lib/python3.8/site-packages/chaosk8s/probes.py'
[2022-10-12 07:49:51 WARNING] [__init__:165] all_microservices_healthy function is DEPRECATED and will be removed in the next         releases, please use all_pods_healthy instead
[2022-10-12 07:49:51 DEBUG] [__init__:73] Using Kubernetes context 'default' from config '/home/kubemateadmin/.kube/config'
[2022-10-12 07:49:51 DEBUG] [probes:296] Found 0 failed and 0 not ready pods
[2022-10-12 07:49:51 DEBUG] [activity:221]   => succeeded with 'True'
[2022-10-12 07:49:51 DEBUG] [__init__:399] No controls to apply on 'activity'
[2022-10-12 07:49:51 DEBUG] [hypothesis:221] allowed tolerance is True
[2022-10-12 07:49:51 INFO] [hypothesis:231] Steady state hypothesis is met!
[2022-10-12 07:49:51 DEBUG] [__init__:399] No controls to apply on 'hypothesis'
[2022-10-12 07:49:51 INFO] [run:607] Playing your experiment's method now...
[2022-10-12 07:49:51 DEBUG] [__init__:399] No controls to apply on 'method'
[2022-10-12 07:49:51 DEBUG] [__init__:399] No controls to apply on 'activity'
[2022-10-12 07:49:51 INFO] [activity:204] Action: terminate-pod
[2022-10-12 07:49:51 DEBUG] [python:33] Activity 'terminate-pod' loaded from '/home/kubemateadmin/.local/lib/python3.8/site-packages/chaosk8s/pod/actions.py'
[2022-10-12 07:49:51 DEBUG] [__init__:73] Using Kubernetes context 'default' from config '/home/kubemateadmin/.kube/config'
[2022-10-12 07:49:51 DEBUG] [actions:238] Found 12 pods in ns 'default'
[2022-10-12 07:49:51 DEBUG] [activity:221]   => succeeded with '['paymentservice-6f69f8b58d-zspck']'
[2022-10-12 07:49:51 INFO] [activity:239] Pausing after activity for 10s...
[2022-10-12 07:50:01 DEBUG] [__init__:399] No controls to apply on 'activity'
[2022-10-12 07:50:01 DEBUG] [__init__:399] No controls to apply on 'method'
[2022-10-12 07:50:01 DEBUG] [run:536] Running steady-state hypothesis after the method
[2022-10-12 07:50:01 INFO] [hypothesis:182] Steady state hypothesis: The app is healthy
[2022-10-12 07:50:01 DEBUG] [__init__:399] No controls to apply on 'hypothesis'
[2022-10-12 07:50:01 DEBUG] [__init__:399] No controls to apply on 'activity'
[2022-10-12 07:50:01 INFO] [activity:204] Probe: all-apps-are-healthy
[2022-10-12 07:50:01 DEBUG] [python:33] Activity 'all-apps-are-healthy' loaded from '/home/kubemateadmin/.local/lib/python3.8/site-packages/chaosk8s/probes.py'
[2022-10-12 07:50:01 WARNING] [__init__:165] all_microservices_healthy function is DEPRECATED and will be removed in the next         releases, please use all_pods_healthy instead
[2022-10-12 07:50:01 DEBUG] [__init__:73] Using Kubernetes context 'default' from config '/home/kubemateadmin/.kube/config'
[2022-10-12 07:50:01 DEBUG] [probes:296] Found 0 failed and 0 not ready pods
[2022-10-12 07:50:01 DEBUG] [activity:221]   => succeeded with 'True'
[2022-10-12 07:50:01 DEBUG] [__init__:399] No controls to apply on 'activity'
[2022-10-12 07:50:01 DEBUG] [hypothesis:221] allowed tolerance is True
[2022-10-12 07:50:01 INFO] [hypothesis:231] Steady state hypothesis is met!
[2022-10-12 07:50:01 DEBUG] [__init__:399] No controls to apply on 'hypothesis'
[2022-10-12 07:50:01 INFO] [run:893] Let's rollback...
[2022-10-12 07:50:01 DEBUG] [__init__:399] No controls to apply on 'rollback'
[2022-10-12 07:50:01 INFO] [rollback:27] No declared rollbacks, let's move on.
[2022-10-12 07:50:01 DEBUG] [__init__:399] No controls to apply on 'rollback'
[2022-10-12 07:50:01 INFO] [run:458] Experiment ended with status: completed
[2022-10-12 07:50:01 DEBUG] [__init__:399] No controls to apply on 'experiment'
[2022-10-12 07:50:01 DEBUG] [__init__:91] Cleaning up controls
[2022-10-12 07:50:01 DEBUG] [caching:42] Clearing activities cache
[2022-10-12 07:50:45 DEBUG] [cli:112] ###############################################################################
[2022-10-12 07:50:45 DEBUG] [cli:113] Running command 'run'
[2022-10-12 07:50:45 DEBUG] [cli:117] Using settings file '/home/kubemateadmin/.chaostoolkit/settings.yaml'
[2022-10-12 07:50:45 DEBUG] [settings:30] The Chaos Toolkit settings file could not be found at '/home/kubemateadmin/.chaostoolkit/settings.yaml'.
[2022-10-12 07:50:45 DEBUG] [__init__:399] No controls to apply on 'loader'
[2022-10-12 07:50:45 DEBUG] [__init__:399] No controls to apply on 'loader'
[2022-10-12 07:50:45 DEBUG] [caching:24] Building activity cache...
[2022-10-12 07:50:45 DEBUG] [caching:35] Cached 2 activities
[2022-10-12 07:50:45 INFO] [experiment:58] Validating the experiment's syntax
[2022-10-12 07:50:45 DEBUG] [configuration:63] Loading configuration...
[2022-10-12 07:50:45 DEBUG] [secret:78] Loading secrets...
[2022-10-12 07:50:45 DEBUG] [secret:104] Done loading secrets
[2022-10-12 07:50:45 INFO] [experiment:109] Experiment looks valid
[2022-10-12 07:50:45 DEBUG] [caching:42] Clearing activities cache
[2022-10-12 07:50:45 DEBUG] [caching:24] Building activity cache...
[2022-10-12 07:50:45 DEBUG] [caching:35] Cached 2 activities
[2022-10-12 07:50:45 DEBUG] [configuration:63] Loading configuration...
[2022-10-12 07:50:45 DEBUG] [secret:78] Loading secrets...
[2022-10-12 07:50:45 DEBUG] [secret:104] Done loading secrets
[2022-10-12 07:50:45 DEBUG] [configuration:160] Loading dynamic configuration...
[2022-10-12 07:50:45 INFO] [run:320] Running experiment: Lets kill pods randomly
[2022-10-12 07:50:45 DEBUG] [__init__:52] Initializing controls
[2022-10-12 07:50:45 INFO] [run:344] Steady-state strategy: default
[2022-10-12 07:50:45 INFO] [run:348] Rollbacks strategy: default
[2022-10-12 07:50:45 DEBUG] [__init__:399] No controls to apply on 'experiment'
[2022-10-12 07:50:45 DEBUG] [run:506] Running steady-state hypothesis before the method
[2022-10-12 07:50:45 INFO] [hypothesis:182] Steady state hypothesis: The app is healthy
[2022-10-12 07:50:45 DEBUG] [__init__:399] No controls to apply on 'hypothesis'
[2022-10-12 07:50:45 DEBUG] [__init__:399] No controls to apply on 'activity'
[2022-10-12 07:50:45 INFO] [activity:204] Probe: all-apps-are-healthy
[2022-10-12 07:50:45 DEBUG] [python:33] Activity 'all-apps-are-healthy' loaded from '/home/kubemateadmin/.local/lib/python3.8/site-packages/chaosk8s/probes.py'
[2022-10-12 07:50:45 WARNING] [__init__:165] all_microservices_healthy function is DEPRECATED and will be removed in the next         releases, please use all_pods_healthy instead
[2022-10-12 07:50:45 DEBUG] [__init__:73] Using Kubernetes context 'default' from config '/home/kubemateadmin/.kube/config'
[2022-10-12 07:50:46 DEBUG] [probes:296] Found 0 failed and 0 not ready pods
[2022-10-12 07:50:46 DEBUG] [activity:221]   => succeeded with 'True'
[2022-10-12 07:50:46 DEBUG] [__init__:399] No controls to apply on 'activity'
[2022-10-12 07:50:46 DEBUG] [hypothesis:221] allowed tolerance is True
[2022-10-12 07:50:46 INFO] [hypothesis:231] Steady state hypothesis is met!
[2022-10-12 07:50:46 DEBUG] [__init__:399] No controls to apply on 'hypothesis'
[2022-10-12 07:50:46 INFO] [run:607] Playing your experiment's method now...
[2022-10-12 07:50:46 DEBUG] [__init__:399] No controls to apply on 'method'
[2022-10-12 07:50:46 DEBUG] [__init__:399] No controls to apply on 'activity'
[2022-10-12 07:50:46 INFO] [activity:204] Action: terminate-pod
[2022-10-12 07:50:46 DEBUG] [python:33] Activity 'terminate-pod' loaded from '/home/kubemateadmin/.local/lib/python3.8/site-packages/chaosk8s/pod/actions.py'
[2022-10-12 07:50:46 DEBUG] [__init__:73] Using Kubernetes context 'default' from config '/home/kubemateadmin/.kube/config'
[2022-10-12 07:50:46 DEBUG] [actions:238] Found 12 pods in ns 'default'
[2022-10-12 07:50:46 DEBUG] [activity:221]   => succeeded with '['paymentservice-6f69f8b58d-jn56k']'
[2022-10-12 07:50:46 INFO] [activity:239] Pausing after activity for 10s...
[2022-10-12 07:50:56 DEBUG] [__init__:399] No controls to apply on 'activity'
[2022-10-12 07:50:56 DEBUG] [__init__:399] No controls to apply on 'method'
[2022-10-12 07:50:56 DEBUG] [run:536] Running steady-state hypothesis after the method
[2022-10-12 07:50:56 INFO] [hypothesis:182] Steady state hypothesis: The app is healthy
[2022-10-12 07:50:56 DEBUG] [__init__:399] No controls to apply on 'hypothesis'
[2022-10-12 07:50:56 DEBUG] [__init__:399] No controls to apply on 'activity'
[2022-10-12 07:50:56 INFO] [activity:204] Probe: all-apps-are-healthy
[2022-10-12 07:50:56 DEBUG] [python:33] Activity 'all-apps-are-healthy' loaded from '/home/kubemateadmin/.local/lib/python3.8/site-packages/chaosk8s/probes.py'
[2022-10-12 07:50:56 WARNING] [__init__:165] all_microservices_healthy function is DEPRECATED and will be removed in the next         releases, please use all_pods_healthy instead
[2022-10-12 07:50:56 DEBUG] [__init__:73] Using Kubernetes context 'default' from config '/home/kubemateadmin/.kube/config'
[2022-10-12 07:50:56 DEBUG] [probes:296] Found 0 failed and 0 not ready pods
[2022-10-12 07:50:56 DEBUG] [activity:221]   => succeeded with 'True'
[2022-10-12 07:50:56 DEBUG] [__init__:399] No controls to apply on 'activity'
[2022-10-12 07:50:56 DEBUG] [hypothesis:221] allowed tolerance is True
[2022-10-12 07:50:56 INFO] [hypothesis:231] Steady state hypothesis is met!
[2022-10-12 07:50:56 DEBUG] [__init__:399] No controls to apply on 'hypothesis'
[2022-10-12 07:50:56 INFO] [run:893] Let's rollback...
[2022-10-12 07:50:56 DEBUG] [__init__:399] No controls to apply on 'rollback'
[2022-10-12 07:50:56 INFO] [rollback:27] No declared rollbacks, let's move on.
[2022-10-12 07:50:56 DEBUG] [__init__:399] No controls to apply on 'rollback'
[2022-10-12 07:50:56 INFO] [run:458] Experiment ended with status: completed
[2022-10-12 07:50:56 DEBUG] [__init__:399] No controls to apply on 'experiment'
[2022-10-12 07:50:56 DEBUG] [__init__:91] Cleaning up controls
[2022-10-12 07:50:56 DEBUG] [caching:42] Clearing activities cache
[2022-10-12 07:52:02 DEBUG] [cli:112] ###############################################################################
[2022-10-12 07:52:02 DEBUG] [cli:113] Running command 'run'
[2022-10-12 07:52:02 DEBUG] [cli:117] Using settings file '/home/kubemateadmin/.chaostoolkit/settings.yaml'
[2022-10-12 07:52:02 DEBUG] [settings:30] The Chaos Toolkit settings file could not be found at '/home/kubemateadmin/.chaostoolkit/settings.yaml'.
[2022-10-12 07:52:02 DEBUG] [__init__:399] No controls to apply on 'loader'
[2022-10-12 07:52:02 DEBUG] [__init__:399] No controls to apply on 'loader'
[2022-10-12 07:52:02 DEBUG] [caching:24] Building activity cache...
[2022-10-12 07:52:02 DEBUG] [caching:35] Cached 2 activities
[2022-10-12 07:52:02 INFO] [experiment:58] Validating the experiment's syntax
[2022-10-12 07:52:02 DEBUG] [configuration:63] Loading configuration...
[2022-10-12 07:52:02 DEBUG] [secret:78] Loading secrets...
[2022-10-12 07:52:02 DEBUG] [secret:104] Done loading secrets
[2022-10-12 07:52:02 INFO] [experiment:109] Experiment looks valid
[2022-10-12 07:52:02 DEBUG] [caching:42] Clearing activities cache
[2022-10-12 07:52:02 DEBUG] [caching:24] Building activity cache...
[2022-10-12 07:52:02 DEBUG] [caching:35] Cached 2 activities
[2022-10-12 07:52:02 DEBUG] [configuration:63] Loading configuration...
[2022-10-12 07:52:02 DEBUG] [secret:78] Loading secrets...
[2022-10-12 07:52:02 DEBUG] [secret:104] Done loading secrets
[2022-10-12 07:52:02 DEBUG] [configuration:160] Loading dynamic configuration...
[2022-10-12 07:52:02 INFO] [run:320] Running experiment: Lets kill pods randomly
[2022-10-12 07:52:02 DEBUG] [__init__:52] Initializing controls
[2022-10-12 07:52:02 INFO] [run:344] Steady-state strategy: default
[2022-10-12 07:52:02 INFO] [run:348] Rollbacks strategy: default
[2022-10-12 07:52:02 DEBUG] [__init__:399] No controls to apply on 'experiment'
[2022-10-12 07:52:02 DEBUG] [run:506] Running steady-state hypothesis before the method
[2022-10-12 07:52:02 INFO] [hypothesis:182] Steady state hypothesis: The app is healthy
[2022-10-12 07:52:02 DEBUG] [__init__:399] No controls to apply on 'hypothesis'
[2022-10-12 07:52:02 DEBUG] [__init__:399] No controls to apply on 'activity'
[2022-10-12 07:52:02 INFO] [activity:204] Probe: all-apps-are-healthy
[2022-10-12 07:52:02 DEBUG] [python:33] Activity 'all-apps-are-healthy' loaded from '/home/kubemateadmin/.local/lib/python3.8/site-packages/chaosk8s/probes.py'
[2022-10-12 07:52:02 WARNING] [__init__:165] all_microservices_healthy function is DEPRECATED and will be removed in the next         releases, please use all_pods_healthy instead
[2022-10-12 07:52:02 DEBUG] [__init__:73] Using Kubernetes context 'default' from config '/home/kubemateadmin/.kube/config'
[2022-10-12 07:52:02 DEBUG] [probes:296] Found 0 failed and 0 not ready pods
[2022-10-12 07:52:02 DEBUG] [activity:221]   => succeeded with 'True'
[2022-10-12 07:52:02 DEBUG] [__init__:399] No controls to apply on 'activity'
[2022-10-12 07:52:02 DEBUG] [hypothesis:221] allowed tolerance is True
[2022-10-12 07:52:02 INFO] [hypothesis:231] Steady state hypothesis is met!
[2022-10-12 07:52:02 DEBUG] [__init__:399] No controls to apply on 'hypothesis'
[2022-10-12 07:52:02 INFO] [run:607] Playing your experiment's method now...
[2022-10-12 07:52:02 DEBUG] [__init__:399] No controls to apply on 'method'
[2022-10-12 07:52:02 DEBUG] [__init__:399] No controls to apply on 'activity'
[2022-10-12 07:52:02 INFO] [activity:204] Action: terminate-pod
[2022-10-12 07:52:02 DEBUG] [python:33] Activity 'terminate-pod' loaded from '/home/kubemateadmin/.local/lib/python3.8/site-packages/chaosk8s/pod/actions.py'
[2022-10-12 07:52:02 DEBUG] [__init__:73] Using Kubernetes context 'default' from config '/home/kubemateadmin/.kube/config'
[2022-10-12 07:52:03 DEBUG] [actions:238] Found 12 pods in ns 'default'
[2022-10-12 07:52:03 DEBUG] [activity:221]   => succeeded with '['currencyservice-7dc56c8-srxkn']'
[2022-10-12 07:52:03 INFO] [activity:239] Pausing after activity for 10s...
[2022-10-12 07:52:13 DEBUG] [__init__:399] No controls to apply on 'activity'
[2022-10-12 07:52:13 DEBUG] [__init__:399] No controls to apply on 'method'
[2022-10-12 07:52:13 DEBUG] [run:536] Running steady-state hypothesis after the method
[2022-10-12 07:52:13 INFO] [hypothesis:182] Steady state hypothesis: The app is healthy
[2022-10-12 07:52:13 DEBUG] [__init__:399] No controls to apply on 'hypothesis'
[2022-10-12 07:52:13 DEBUG] [__init__:399] No controls to apply on 'activity'
[2022-10-12 07:52:13 INFO] [activity:204] Probe: all-apps-are-healthy
[2022-10-12 07:52:13 DEBUG] [python:33] Activity 'all-apps-are-healthy' loaded from '/home/kubemateadmin/.local/lib/python3.8/site-packages/chaosk8s/probes.py'
[2022-10-12 07:52:13 WARNING] [__init__:165] all_microservices_healthy function is DEPRECATED and will be removed in the next         releases, please use all_pods_healthy instead
[2022-10-12 07:52:13 DEBUG] [__init__:73] Using Kubernetes context 'default' from config '/home/kubemateadmin/.kube/config'
[2022-10-12 07:52:13 DEBUG] [probes:296] Found 0 failed and 0 not ready pods
[2022-10-12 07:52:13 DEBUG] [activity:221]   => succeeded with 'True'
[2022-10-12 07:52:13 DEBUG] [__init__:399] No controls to apply on 'activity'
[2022-10-12 07:52:13 DEBUG] [hypothesis:221] allowed tolerance is True
[2022-10-12 07:52:13 INFO] [hypothesis:231] Steady state hypothesis is met!
[2022-10-12 07:52:13 DEBUG] [__init__:399] No controls to apply on 'hypothesis'
[2022-10-12 07:52:13 INFO] [run:893] Let's rollback...
[2022-10-12 07:52:13 DEBUG] [__init__:399] No controls to apply on 'rollback'
[2022-10-12 07:52:13 INFO] [rollback:27] No declared rollbacks, let's move on.
[2022-10-12 07:52:13 DEBUG] [__init__:399] No controls to apply on 'rollback'
[2022-10-12 07:52:13 INFO] [run:458] Experiment ended with status: completed
[2022-10-12 07:52:13 DEBUG] [__init__:399] No controls to apply on 'experiment'
[2022-10-12 07:52:13 DEBUG] [__init__:91] Cleaning up controls
[2022-10-12 07:52:13 DEBUG] [caching:42] Clearing activities cache
[2022-10-12 08:14:36 DEBUG] [cli:112] ###############################################################################
[2022-10-12 08:14:36 DEBUG] [cli:113] Running command 'run'
[2022-10-12 08:14:36 DEBUG] [cli:117] Using settings file '/home/kubemateadmin/.chaostoolkit/settings.yaml'
[2022-10-12 08:14:37 DEBUG] [settings:30] The Chaos Toolkit settings file could not be found at '/home/kubemateadmin/.chaostoolkit/settings.yaml'.
[2022-10-12 08:14:37 DEBUG] [__init__:399] No controls to apply on 'loader'
[2022-10-12 08:14:37 DEBUG] [__init__:399] No controls to apply on 'loader'
[2022-10-12 08:14:37 DEBUG] [caching:24] Building activity cache...
[2022-10-12 08:14:37 DEBUG] [caching:35] Cached 2 activities
[2022-10-12 08:14:37 INFO] [experiment:58] Validating the experiment's syntax
[2022-10-12 08:14:37 DEBUG] [configuration:63] Loading configuration...
[2022-10-12 08:14:37 DEBUG] [secret:78] Loading secrets...
[2022-10-12 08:14:37 DEBUG] [secret:104] Done loading secrets
[2022-10-12 08:14:37 INFO] [experiment:109] Experiment looks valid
[2022-10-12 08:14:37 DEBUG] [caching:42] Clearing activities cache
[2022-10-12 08:14:37 DEBUG] [caching:24] Building activity cache...
[2022-10-12 08:14:37 DEBUG] [caching:35] Cached 2 activities
[2022-10-12 08:14:37 DEBUG] [configuration:63] Loading configuration...
[2022-10-12 08:14:37 DEBUG] [secret:78] Loading secrets...
[2022-10-12 08:14:37 DEBUG] [secret:104] Done loading secrets
[2022-10-12 08:14:37 DEBUG] [configuration:160] Loading dynamic configuration...
[2022-10-12 08:14:37 INFO] [run:320] Running experiment: Lets kill pods randomly
[2022-10-12 08:14:37 DEBUG] [__init__:52] Initializing controls
[2022-10-12 08:14:37 INFO] [run:344] Steady-state strategy: default
[2022-10-12 08:14:37 INFO] [run:348] Rollbacks strategy: default
[2022-10-12 08:14:37 DEBUG] [__init__:399] No controls to apply on 'experiment'
[2022-10-12 08:14:37 DEBUG] [run:506] Running steady-state hypothesis before the method
[2022-10-12 08:14:37 INFO] [hypothesis:182] Steady state hypothesis: The app is healthy
[2022-10-12 08:14:37 DEBUG] [__init__:399] No controls to apply on 'hypothesis'
[2022-10-12 08:14:37 DEBUG] [__init__:399] No controls to apply on 'activity'
[2022-10-12 08:14:37 INFO] [activity:204] Probe: all-apps-are-healthy
[2022-10-12 08:14:37 DEBUG] [python:33] Activity 'all-apps-are-healthy' loaded from '/home/kubemateadmin/.local/lib/python3.8/site-packages/chaosk8s/probes.py'
[2022-10-12 08:14:37 WARNING] [__init__:165] all_microservices_healthy function is DEPRECATED and will be removed in the next         releases, please use all_pods_healthy instead
[2022-10-12 08:14:37 DEBUG] [__init__:73] Using Kubernetes context 'default' from config '/home/kubemateadmin/.kube/config'
[2022-10-12 08:14:37 DEBUG] [probes:296] Found 0 failed and 0 not ready pods
[2022-10-12 08:14:37 DEBUG] [activity:221]   => succeeded with 'True'
[2022-10-12 08:14:37 DEBUG] [__init__:399] No controls to apply on 'activity'
[2022-10-12 08:14:37 DEBUG] [hypothesis:221] allowed tolerance is True
[2022-10-12 08:14:37 INFO] [hypothesis:231] Steady state hypothesis is met!
[2022-10-12 08:14:37 DEBUG] [__init__:399] No controls to apply on 'hypothesis'
[2022-10-12 08:14:37 INFO] [run:607] Playing your experiment's method now...
[2022-10-12 08:14:37 DEBUG] [__init__:399] No controls to apply on 'method'
[2022-10-12 08:14:37 DEBUG] [__init__:399] No controls to apply on 'activity'
[2022-10-12 08:14:37 INFO] [activity:204] Action: terminate-pod
[2022-10-12 08:14:37 DEBUG] [python:33] Activity 'terminate-pod' loaded from '/home/kubemateadmin/.local/lib/python3.8/site-packages/chaosk8s/pod/actions.py'
[2022-10-12 08:14:37 DEBUG] [__init__:73] Using Kubernetes context 'default' from config '/home/kubemateadmin/.kube/config'
[2022-10-12 08:14:37 DEBUG] [actions:238] Found 12 pods in ns 'default'
[2022-10-12 08:14:37 DEBUG] [activity:221]   => succeeded with '['shippingservice-55bd6c45bb-6hbdb']'
[2022-10-12 08:14:37 INFO] [activity:239] Pausing after activity for 10s...
[2022-10-12 08:14:47 DEBUG] [__init__:399] No controls to apply on 'activity'
[2022-10-12 08:14:47 DEBUG] [__init__:399] No controls to apply on 'method'
[2022-10-12 08:14:47 DEBUG] [run:536] Running steady-state hypothesis after the method
[2022-10-12 08:14:47 INFO] [hypothesis:182] Steady state hypothesis: The app is healthy
[2022-10-12 08:14:47 DEBUG] [__init__:399] No controls to apply on 'hypothesis'
[2022-10-12 08:14:47 DEBUG] [__init__:399] No controls to apply on 'activity'
[2022-10-12 08:14:47 INFO] [activity:204] Probe: all-apps-are-healthy
[2022-10-12 08:14:47 DEBUG] [python:33] Activity 'all-apps-are-healthy' loaded from '/home/kubemateadmin/.local/lib/python3.8/site-packages/chaosk8s/probes.py'
[2022-10-12 08:14:47 WARNING] [__init__:165] all_microservices_healthy function is DEPRECATED and will be removed in the next         releases, please use all_pods_healthy instead
[2022-10-12 08:14:47 DEBUG] [__init__:73] Using Kubernetes context 'default' from config '/home/kubemateadmin/.kube/config'
[2022-10-12 08:14:47 DEBUG] [probes:296] Found 0 failed and 0 not ready pods
[2022-10-12 08:14:47 DEBUG] [activity:221]   => succeeded with 'True'
[2022-10-12 08:14:47 DEBUG] [__init__:399] No controls to apply on 'activity'
[2022-10-12 08:14:47 DEBUG] [hypothesis:221] allowed tolerance is True
[2022-10-12 08:14:47 INFO] [hypothesis:231] Steady state hypothesis is met!
[2022-10-12 08:14:47 DEBUG] [__init__:399] No controls to apply on 'hypothesis'
[2022-10-12 08:14:47 INFO] [run:893] Let's rollback...
[2022-10-12 08:14:47 DEBUG] [__init__:399] No controls to apply on 'rollback'
[2022-10-12 08:14:47 INFO] [rollback:27] No declared rollbacks, let's move on.
[2022-10-12 08:14:47 DEBUG] [__init__:399] No controls to apply on 'rollback'
[2022-10-12 08:14:47 INFO] [run:458] Experiment ended with status: completed
[2022-10-12 08:14:47 DEBUG] [__init__:399] No controls to apply on 'experiment'
[2022-10-12 08:14:47 DEBUG] [__init__:91] Cleaning up controls
[2022-10-12 08:14:47 DEBUG] [caching:42] Clearing activities cache
[2022-10-12 08:16:05 DEBUG] [cli:112] ###############################################################################
[2022-10-12 08:16:05 DEBUG] [cli:113] Running command 'run'
[2022-10-12 08:16:05 DEBUG] [cli:117] Using settings file '/home/kubemateadmin/.chaostoolkit/settings.yaml'
[2022-10-12 08:16:05 DEBUG] [settings:30] The Chaos Toolkit settings file could not be found at '/home/kubemateadmin/.chaostoolkit/settings.yaml'.
[2022-10-12 08:16:05 DEBUG] [__init__:399] No controls to apply on 'loader'
[2022-10-12 08:16:05 DEBUG] [__init__:399] No controls to apply on 'loader'
[2022-10-12 08:16:05 DEBUG] [caching:24] Building activity cache...
[2022-10-12 08:16:05 DEBUG] [caching:35] Cached 2 activities
[2022-10-12 08:16:05 INFO] [experiment:58] Validating the experiment's syntax
[2022-10-12 08:16:05 DEBUG] [configuration:63] Loading configuration...
[2022-10-12 08:16:05 DEBUG] [secret:78] Loading secrets...
[2022-10-12 08:16:05 DEBUG] [secret:104] Done loading secrets
[2022-10-12 08:16:06 INFO] [experiment:109] Experiment looks valid
[2022-10-12 08:16:06 DEBUG] [caching:42] Clearing activities cache
[2022-10-12 08:16:06 DEBUG] [caching:24] Building activity cache...
[2022-10-12 08:16:06 DEBUG] [caching:35] Cached 2 activities
[2022-10-12 08:16:06 DEBUG] [configuration:63] Loading configuration...
[2022-10-12 08:16:06 DEBUG] [secret:78] Loading secrets...
[2022-10-12 08:16:06 DEBUG] [secret:104] Done loading secrets
[2022-10-12 08:16:06 DEBUG] [configuration:160] Loading dynamic configuration...
[2022-10-12 08:16:06 INFO] [run:320] Running experiment: Lets kill pods randomly
[2022-10-12 08:16:06 DEBUG] [__init__:52] Initializing controls
[2022-10-12 08:16:06 INFO] [run:344] Steady-state strategy: default
[2022-10-12 08:16:06 INFO] [run:348] Rollbacks strategy: default
[2022-10-12 08:16:06 DEBUG] [__init__:399] No controls to apply on 'experiment'
[2022-10-12 08:16:06 DEBUG] [run:506] Running steady-state hypothesis before the method
[2022-10-12 08:16:06 INFO] [hypothesis:182] Steady state hypothesis: The app is healthy
[2022-10-12 08:16:06 DEBUG] [__init__:399] No controls to apply on 'hypothesis'
[2022-10-12 08:16:06 DEBUG] [__init__:399] No controls to apply on 'activity'
[2022-10-12 08:16:06 INFO] [activity:204] Probe: all-apps-are-healthy
[2022-10-12 08:16:06 DEBUG] [python:33] Activity 'all-apps-are-healthy' loaded from '/home/kubemateadmin/.local/lib/python3.8/site-packages/chaosk8s/probes.py'
[2022-10-12 08:16:06 WARNING] [__init__:165] all_microservices_healthy function is DEPRECATED and will be removed in the next         releases, please use all_pods_healthy instead
[2022-10-12 08:16:06 DEBUG] [__init__:73] Using Kubernetes context 'default' from config '/home/kubemateadmin/.kube/config'
[2022-10-12 08:16:06 DEBUG] [probes:296] Found 0 failed and 0 not ready pods
[2022-10-12 08:16:06 DEBUG] [activity:221]   => succeeded with 'True'
[2022-10-12 08:16:06 DEBUG] [__init__:399] No controls to apply on 'activity'
[2022-10-12 08:16:06 DEBUG] [hypothesis:221] allowed tolerance is True
[2022-10-12 08:16:06 INFO] [hypothesis:231] Steady state hypothesis is met!
[2022-10-12 08:16:06 DEBUG] [__init__:399] No controls to apply on 'hypothesis'
[2022-10-12 08:16:06 INFO] [run:607] Playing your experiment's method now...
[2022-10-12 08:16:06 DEBUG] [__init__:399] No controls to apply on 'method'
[2022-10-12 08:16:06 DEBUG] [__init__:399] No controls to apply on 'activity'
[2022-10-12 08:16:06 INFO] [activity:204] Action: terminate-pod
[2022-10-12 08:16:06 DEBUG] [python:33] Activity 'terminate-pod' loaded from '/home/kubemateadmin/.local/lib/python3.8/site-packages/chaosk8s/pod/actions.py'
[2022-10-12 08:16:06 DEBUG] [__init__:73] Using Kubernetes context 'default' from config '/home/kubemateadmin/.kube/config'
[2022-10-12 08:16:06 DEBUG] [actions:238] Found 12 pods in ns 'default'
[2022-10-12 08:16:06 DEBUG] [activity:221]   => succeeded with '['checkoutservice-5d45565464-7nm4q']'
[2022-10-12 08:16:06 INFO] [activity:239] Pausing after activity for 10s...
[2022-10-12 08:16:16 DEBUG] [__init__:399] No controls to apply on 'activity'
[2022-10-12 08:16:16 DEBUG] [__init__:399] No controls to apply on 'method'
[2022-10-12 08:16:16 DEBUG] [run:536] Running steady-state hypothesis after the method
[2022-10-12 08:16:16 INFO] [hypothesis:182] Steady state hypothesis: The app is healthy
[2022-10-12 08:16:16 DEBUG] [__init__:399] No controls to apply on 'hypothesis'
[2022-10-12 08:16:16 DEBUG] [__init__:399] No controls to apply on 'activity'
[2022-10-12 08:16:16 INFO] [activity:204] Probe: all-apps-are-healthy
[2022-10-12 08:16:16 DEBUG] [python:33] Activity 'all-apps-are-healthy' loaded from '/home/kubemateadmin/.local/lib/python3.8/site-packages/chaosk8s/probes.py'
[2022-10-12 08:16:16 WARNING] [__init__:165] all_microservices_healthy function is DEPRECATED and will be removed in the next         releases, please use all_pods_healthy instead
[2022-10-12 08:16:16 DEBUG] [__init__:73] Using Kubernetes context 'default' from config '/home/kubemateadmin/.kube/config'
[2022-10-12 08:16:16 DEBUG] [probes:296] Found 0 failed and 0 not ready pods
[2022-10-12 08:16:16 DEBUG] [activity:221]   => succeeded with 'True'
[2022-10-12 08:16:16 DEBUG] [__init__:399] No controls to apply on 'activity'
[2022-10-12 08:16:16 DEBUG] [hypothesis:221] allowed tolerance is True
[2022-10-12 08:16:16 INFO] [hypothesis:231] Steady state hypothesis is met!
[2022-10-12 08:16:16 DEBUG] [__init__:399] No controls to apply on 'hypothesis'
[2022-10-12 08:16:16 INFO] [run:893] Let's rollback...
[2022-10-12 08:16:16 DEBUG] [__init__:399] No controls to apply on 'rollback'
[2022-10-12 08:16:16 INFO] [rollback:27] No declared rollbacks, let's move on.
[2022-10-12 08:16:16 DEBUG] [__init__:399] No controls to apply on 'rollback'
[2022-10-12 08:16:16 INFO] [run:458] Experiment ended with status: completed
[2022-10-12 08:16:16 DEBUG] [__init__:399] No controls to apply on 'experiment'
[2022-10-12 08:16:16 DEBUG] [__init__:91] Cleaning up controls
[2022-10-12 08:16:16 DEBUG] [caching:42] Clearing activities cache
[2022-10-12 08:16:57 DEBUG] [cli:112] ###############################################################################
[2022-10-12 08:16:57 DEBUG] [cli:113] Running command 'run'
[2022-10-12 08:16:57 DEBUG] [cli:117] Using settings file '/home/kubemateadmin/.chaostoolkit/settings.yaml'
[2022-10-12 08:16:57 DEBUG] [settings:30] The Chaos Toolkit settings file could not be found at '/home/kubemateadmin/.chaostoolkit/settings.yaml'.
[2022-10-12 08:16:57 DEBUG] [__init__:399] No controls to apply on 'loader'
[2022-10-12 08:16:57 DEBUG] [__init__:399] No controls to apply on 'loader'
[2022-10-12 08:16:57 DEBUG] [caching:24] Building activity cache...
[2022-10-12 08:16:57 DEBUG] [caching:35] Cached 2 activities
[2022-10-12 08:16:57 INFO] [experiment:58] Validating the experiment's syntax
[2022-10-12 08:16:57 DEBUG] [configuration:63] Loading configuration...
[2022-10-12 08:16:57 DEBUG] [secret:78] Loading secrets...
[2022-10-12 08:16:57 DEBUG] [secret:104] Done loading secrets
[2022-10-12 08:16:57 INFO] [experiment:109] Experiment looks valid
[2022-10-12 08:16:57 DEBUG] [caching:42] Clearing activities cache
[2022-10-12 08:16:57 DEBUG] [caching:24] Building activity cache...
[2022-10-12 08:16:57 DEBUG] [caching:35] Cached 2 activities
[2022-10-12 08:16:57 DEBUG] [configuration:63] Loading configuration...
[2022-10-12 08:16:57 DEBUG] [secret:78] Loading secrets...
[2022-10-12 08:16:57 DEBUG] [secret:104] Done loading secrets
[2022-10-12 08:16:57 DEBUG] [configuration:160] Loading dynamic configuration...
[2022-10-12 08:16:57 INFO] [run:320] Running experiment: Lets kill pods randomly
[2022-10-12 08:16:57 DEBUG] [__init__:52] Initializing controls
[2022-10-12 08:16:57 INFO] [run:344] Steady-state strategy: default
[2022-10-12 08:16:57 INFO] [run:348] Rollbacks strategy: default
[2022-10-12 08:16:57 DEBUG] [__init__:399] No controls to apply on 'experiment'
[2022-10-12 08:16:57 DEBUG] [run:506] Running steady-state hypothesis before the method
[2022-10-12 08:16:57 INFO] [hypothesis:182] Steady state hypothesis: The app is healthy
[2022-10-12 08:16:57 DEBUG] [__init__:399] No controls to apply on 'hypothesis'
[2022-10-12 08:16:57 DEBUG] [__init__:399] No controls to apply on 'activity'
[2022-10-12 08:16:57 INFO] [activity:204] Probe: all-apps-are-healthy
[2022-10-12 08:16:57 DEBUG] [python:33] Activity 'all-apps-are-healthy' loaded from '/home/kubemateadmin/.local/lib/python3.8/site-packages/chaosk8s/probes.py'
[2022-10-12 08:16:57 WARNING] [__init__:165] all_microservices_healthy function is DEPRECATED and will be removed in the next         releases, please use all_pods_healthy instead
[2022-10-12 08:16:57 DEBUG] [__init__:73] Using Kubernetes context 'default' from config '/home/kubemateadmin/.kube/config'
[2022-10-12 08:16:57 DEBUG] [probes:296] Found 0 failed and 0 not ready pods
[2022-10-12 08:16:57 DEBUG] [activity:221]   => succeeded with 'True'
[2022-10-12 08:16:57 DEBUG] [__init__:399] No controls to apply on 'activity'
[2022-10-12 08:16:57 DEBUG] [hypothesis:221] allowed tolerance is True
[2022-10-12 08:16:57 INFO] [hypothesis:231] Steady state hypothesis is met!
[2022-10-12 08:16:57 DEBUG] [__init__:399] No controls to apply on 'hypothesis'
[2022-10-12 08:16:57 INFO] [run:607] Playing your experiment's method now...
[2022-10-12 08:16:57 DEBUG] [__init__:399] No controls to apply on 'method'
[2022-10-12 08:16:57 DEBUG] [__init__:399] No controls to apply on 'activity'
[2022-10-12 08:16:57 INFO] [activity:204] Action: terminate-pod
[2022-10-12 08:16:57 DEBUG] [python:33] Activity 'terminate-pod' loaded from '/home/kubemateadmin/.local/lib/python3.8/site-packages/chaosk8s/pod/actions.py'
[2022-10-12 08:16:57 DEBUG] [__init__:73] Using Kubernetes context 'default' from config '/home/kubemateadmin/.kube/config'
[2022-10-12 08:16:57 DEBUG] [actions:238] Found 12 pods in ns 'default'
[2022-10-12 08:16:57 DEBUG] [activity:221]   => succeeded with '['loadgenerator-77bc9cbc96-4bnb2']'
[2022-10-12 08:16:57 INFO] [activity:239] Pausing after activity for 10s...
[2022-10-12 08:17:07 DEBUG] [__init__:399] No controls to apply on 'activity'
[2022-10-12 08:17:07 DEBUG] [__init__:399] No controls to apply on 'method'
[2022-10-12 08:17:07 DEBUG] [run:536] Running steady-state hypothesis after the method
[2022-10-12 08:17:07 INFO] [hypothesis:182] Steady state hypothesis: The app is healthy
[2022-10-12 08:17:07 DEBUG] [__init__:399] No controls to apply on 'hypothesis'
[2022-10-12 08:17:07 DEBUG] [__init__:399] No controls to apply on 'activity'
[2022-10-12 08:17:07 INFO] [activity:204] Probe: all-apps-are-healthy
[2022-10-12 08:17:07 DEBUG] [python:33] Activity 'all-apps-are-healthy' loaded from '/home/kubemateadmin/.local/lib/python3.8/site-packages/chaosk8s/probes.py'
[2022-10-12 08:17:07 WARNING] [__init__:165] all_microservices_healthy function is DEPRECATED and will be removed in the next         releases, please use all_pods_healthy instead
[2022-10-12 08:17:07 DEBUG] [__init__:73] Using Kubernetes context 'default' from config '/home/kubemateadmin/.kube/config'
[2022-10-12 08:17:08 DEBUG] [probes:296] Found 0 failed and 0 not ready pods
[2022-10-12 08:17:08 DEBUG] [activity:221]   => succeeded with 'True'
[2022-10-12 08:17:08 DEBUG] [__init__:399] No controls to apply on 'activity'
[2022-10-12 08:17:08 DEBUG] [hypothesis:221] allowed tolerance is True
[2022-10-12 08:17:08 INFO] [hypothesis:231] Steady state hypothesis is met!
[2022-10-12 08:17:08 DEBUG] [__init__:399] No controls to apply on 'hypothesis'
[2022-10-12 08:17:08 INFO] [run:893] Let's rollback...
[2022-10-12 08:17:08 DEBUG] [__init__:399] No controls to apply on 'rollback'
[2022-10-12 08:17:08 INFO] [rollback:27] No declared rollbacks, let's move on.
[2022-10-12 08:17:08 DEBUG] [__init__:399] No controls to apply on 'rollback'
[2022-10-12 08:17:08 INFO] [run:458] Experiment ended with status: completed
[2022-10-12 08:17:08 DEBUG] [__init__:399] No controls to apply on 'experiment'
[2022-10-12 08:17:08 DEBUG] [__init__:91] Cleaning up controls
[2022-10-12 08:17:08 DEBUG] [caching:42] Clearing activities cache
